TN:
SF:/home/freeman/node_projects/platzi/platziverse-db/index.js
FN:10,(anonymous_0)
FNF:1
FNH:1
FNDA:6,(anonymous_0)
DA:3,6
DA:4,6
DA:5,6
DA:6,6
DA:7,6
DA:8,6
DA:10,6
DA:13,6
DA:25,6
DA:26,6
DA:27,6
DA:30,6
DA:31,6
DA:33,6
DA:35,6
DA:36,0
DA:42,6
DA:43,6
DA:45,6
LF:19
LH:18
BRDA:35,0,0,0
BRDA:35,0,1,6
BRF:2
BRH:1
end_of_record
TN:
SF:/home/freeman/node_projects/platzi/platziverse-db/lib/agent.js
FN:3,setupAgent
FN:4,findById
FN:8,findByUuid
FN:16,findAll
FN:20,findConnected
FN:28,findByUsername
FN:37,createOrUpdate
FNF:7
FNH:3
FNDA:6,setupAgent
FNDA:1,findById
FNDA:0,findByUuid
FNDA:0,findAll
FNDA:0,findConnected
FNDA:0,findByUsername
FNDA:2,createOrUpdate
DA:3,2
DA:5,1
DA:9,0
DA:17,0
DA:21,0
DA:29,0
DA:38,2
DA:44,2
DA:46,2
DA:47,1
DA:48,1
DA:49,1
DA:52,1
DA:53,1
DA:58,6
LF:15
LH:11
BRDA:46,0,0,1
BRDA:46,0,1,1
BRDA:49,1,0,1
BRDA:49,1,1,0
BRF:4
BRH:3
end_of_record
TN:
SF:/home/freeman/node_projects/platzi/platziverse-db/lib/db.js
FN:7,setupDatabase
FNF:1
FNH:1
FNDA:6,setupDatabase
DA:3,2
DA:4,2
DA:7,2
DA:8,6
DA:9,2
DA:11,6
LF:6
LH:6
BRDA:8,0,0,2
BRDA:8,0,1,4
BRF:2
BRH:2
end_of_record
TN:
SF:/home/freeman/node_projects/platzi/platziverse-db/lib/metric.js
FN:4,setupMetric
FN:5,create
FN:21,findByAgentUuid
FN:36,findByTypeAgentUUid
FNF:4
FNH:1
FNDA:6,setupMetric
FNDA:0,create
FNDA:0,findByAgentUuid
FNDA:0,findByTypeAgentUUid
DA:4,2
DA:7,0
DA:13,0
DA:14,0
DA:16,0
DA:17,0
DA:22,0
DA:37,0
DA:56,6
LF:9
LH:2
BRDA:13,0,0,0
BRDA:13,0,1,0
BRF:2
BRH:0
end_of_record
TN:
SF:/home/freeman/node_projects/platzi/platziverse-db/models/agent.js
FN:7,setupAgentModel
FNF:1
FNH:0
FNDA:0,setupAgentModel
DA:3,2
DA:5,2
DA:7,2
DA:8,0
DA:11,0
LF:5
LH:3
BRF:0
BRH:0
end_of_record
TN:
SF:/home/freeman/node_projects/platzi/platziverse-db/models/metric.js
FN:7,setupMetricModel
FNF:1
FNH:0
FNDA:0,setupMetricModel
DA:3,2
DA:5,2
DA:7,2
DA:8,0
DA:11,0
LF:5
LH:3
BRF:0
BRH:0
end_of_record
