TN:
SF:/home/freeman/node_projects/platzi/platziverse-db/index.js
FN:9,(anonymous_0)
FNF:1
FNH:1
FNDA:3,(anonymous_0)
DA:3,3
DA:4,3
DA:5,3
DA:6,3
DA:7,3
DA:9,3
DA:12,3
DA:24,3
DA:25,3
DA:26,3
DA:29,3
DA:30,3
DA:32,3
DA:34,3
DA:35,0
DA:41,3
DA:42,3
DA:44,3
LF:18
LH:17
BRDA:34,0,0,0
BRDA:34,0,1,3
BRF:2
BRH:1
end_of_record
TN:
SF:/home/freeman/node_projects/platzi/platziverse-db/lib/agent.js
FN:3,setupAgent
FN:4,finById
FNF:2
FNH:2
FNDA:3,setupAgent
FNDA:1,finById
DA:3,1
DA:5,1
DA:8,3
LF:3
LH:3
BRF:0
BRH:0
end_of_record
TN:
SF:/home/freeman/node_projects/platzi/platziverse-db/lib/db.js
FN:7,setupDatabase
FNF:1
FNH:1
FNDA:3,setupDatabase
DA:3,1
DA:4,1
DA:7,1
DA:8,3
DA:9,1
DA:11,3
LF:6
LH:6
BRDA:8,0,0,1
BRDA:8,0,1,2
BRF:2
BRH:2
end_of_record
TN:
SF:/home/freeman/node_projects/platzi/platziverse-db/models/agent.js
FN:7,setupAgentModel
FNF:1
FNH:0
FNDA:0,setupAgentModel
DA:3,1
DA:5,1
DA:7,1
DA:8,0
DA:11,0
LF:5
LH:3
BRF:0
BRH:0
end_of_record
TN:
SF:/home/freeman/node_projects/platzi/platziverse-db/models/metric.js
FN:7,setupMetricModel
FNF:1
FNH:0
FNDA:0,setupMetricModel
DA:3,1
DA:5,1
DA:7,1
DA:8,0
DA:11,0
LF:5
LH:3
BRF:0
BRH:0
end_of_record
